mode: set
github.com\challenges-aaronluannguyen\servers\gateway\models\users\mysqlstore.go:18.44,19.15 1 1
github.com\challenges-aaronluannguyen\servers\gateway\models\users\mysqlstore.go:22.2,22.24 1 1
github.com\challenges-aaronluannguyen\servers\gateway\models\users\mysqlstore.go:19.15,20.32 1 1
github.com\challenges-aaronluannguyen\servers\gateway\models\users\mysqlstore.go:25.55,28.2 2 0
github.com\challenges-aaronluannguyen\servers\gateway\models\users\mysqlstore.go:30.62,33.2 2 0
github.com\challenges-aaronluannguyen\servers\gateway\models\users\mysqlstore.go:35.68,38.2 2 0
github.com\challenges-aaronluannguyen\servers\gateway\models\users\mysqlstore.go:40.56,43.16 2 0
github.com\challenges-aaronluannguyen\servers\gateway\models\users\mysqlstore.go:46.2,47.16 2 0
github.com\challenges-aaronluannguyen\servers\gateway\models\users\mysqlstore.go:50.2,51.18 2 0
github.com\challenges-aaronluannguyen\servers\gateway\models\users\mysqlstore.go:43.16,45.3 1 0
github.com\challenges-aaronluannguyen\servers\gateway\models\users\mysqlstore.go:47.16,49.3 1 0
github.com\challenges-aaronluannguyen\servers\gateway\models\users\mysqlstore.go:54.72,56.16 2 0
github.com\challenges-aaronluannguyen\servers\gateway\models\users\mysqlstore.go:59.2,60.16 2 0
github.com\challenges-aaronluannguyen\servers\gateway\models\users\mysqlstore.go:63.2,63.19 1 0
github.com\challenges-aaronluannguyen\servers\gateway\models\users\mysqlstore.go:66.2,66.22 1 0
github.com\challenges-aaronluannguyen\servers\gateway\models\users\mysqlstore.go:56.16,58.3 1 0
github.com\challenges-aaronluannguyen\servers\gateway\models\users\mysqlstore.go:60.16,62.3 1 0
github.com\challenges-aaronluannguyen\servers\gateway\models\users\mysqlstore.go:63.19,65.3 1 0
github.com\challenges-aaronluannguyen\servers\gateway\models\users\mysqlstore.go:69.45,71.16 2 0
github.com\challenges-aaronluannguyen\servers\gateway\models\users\mysqlstore.go:74.2,75.16 2 0
github.com\challenges-aaronluannguyen\servers\gateway\models\users\mysqlstore.go:78.2,78.19 1 0
github.com\challenges-aaronluannguyen\servers\gateway\models\users\mysqlstore.go:81.2,81.12 1 0
github.com\challenges-aaronluannguyen\servers\gateway\models\users\mysqlstore.go:71.16,73.3 1 0
github.com\challenges-aaronluannguyen\servers\gateway\models\users\mysqlstore.go:75.16,77.3 1 0
github.com\challenges-aaronluannguyen\servers\gateway\models\users\mysqlstore.go:78.19,80.3 1 0
github.com\challenges-aaronluannguyen\servers\gateway\models\users\mysqlstore.go:84.40,87.64 2 0
github.com\challenges-aaronluannguyen\servers\gateway\models\users\mysqlstore.go:93.2,93.18 1 0
github.com\challenges-aaronluannguyen\servers\gateway\models\users\mysqlstore.go:87.64,88.27 1 0
github.com\challenges-aaronluannguyen\servers\gateway\models\users\mysqlstore.go:91.3,91.46 1 0
github.com\challenges-aaronluannguyen\servers\gateway\models\users\mysqlstore.go:88.27,90.4 1 0
github.com\challenges-aaronluannguyen\servers\gateway\models\users\user.go:53.37,63.16 2 1
github.com\challenges-aaronluannguyen\servers\gateway\models\users\user.go:66.2,66.26 1 1
github.com\challenges-aaronluannguyen\servers\gateway\models\users\user.go:69.2,69.36 1 1
github.com\challenges-aaronluannguyen\servers\gateway\models\users\user.go:72.2,72.27 1 1
github.com\challenges-aaronluannguyen\servers\gateway\models\users\user.go:75.2,75.40 1 1
github.com\challenges-aaronluannguyen\servers\gateway\models\users\user.go:78.2,78.12 1 1
github.com\challenges-aaronluannguyen\servers\gateway\models\users\user.go:63.16,65.3 1 1
github.com\challenges-aaronluannguyen\servers\gateway\models\users\user.go:66.26,68.3 1 1
github.com\challenges-aaronluannguyen\servers\gateway\models\users\user.go:69.36,71.3 1 1
github.com\challenges-aaronluannguyen\servers\gateway\models\users\user.go:72.27,74.3 1 1
github.com\challenges-aaronluannguyen\servers\gateway\models\users\user.go:75.40,77.3 1 1
github.com\challenges-aaronluannguyen\servers\gateway\models\users\user.go:83.44,97.16 2 1
github.com\challenges-aaronluannguyen\servers\gateway\models\users\user.go:100.2,107.16 3 1
github.com\challenges-aaronluannguyen\servers\gateway\models\users\user.go:110.2,115.16 3 1
github.com\challenges-aaronluannguyen\servers\gateway\models\users\user.go:118.2,118.21 1 1
github.com\challenges-aaronluannguyen\servers\gateway\models\users\user.go:97.16,99.3 1 1
github.com\challenges-aaronluannguyen\servers\gateway\models\users\user.go:107.16,109.3 1 0
github.com\challenges-aaronluannguyen\servers\gateway\models\users\user.go:115.16,117.3 1 0
github.com\challenges-aaronluannguyen\servers\gateway\models\users\user.go:126.34,129.2 2 1
github.com\challenges-aaronluannguyen\servers\gateway\models\users\user.go:132.51,136.16 2 1
github.com\challenges-aaronluannguyen\servers\gateway\models\users\user.go:139.2,140.12 2 1
github.com\challenges-aaronluannguyen\servers\gateway\models\users\user.go:136.16,138.3 1 0
github.com\challenges-aaronluannguyen\servers\gateway\models\users\user.go:145.52,150.16 2 1
github.com\challenges-aaronluannguyen\servers\gateway\models\users\user.go:153.2,153.12 1 1
github.com\challenges-aaronluannguyen\servers\gateway\models\users\user.go:150.16,152.3 1 1
github.com\challenges-aaronluannguyen\servers\gateway\models\users\user.go:158.53,161.63 1 1
github.com\challenges-aaronluannguyen\servers\gateway\models\users\user.go:164.2,166.12 3 1
github.com\challenges-aaronluannguyen\servers\gateway\models\users\user.go:161.63,163.3 1 1
github.com\challenges-aaronluannguyen\servers\gateway\models\users\user.go:169.52,175.2 5 1
